TN:
SF:02-ratelimitter.js
FN:14,rateLimiter
FNF:1
FNH:1
FNDA:13,rateLimiter
DA:1,1
DA:2,1
DA:3,1
DA:4,1
DA:5,1
DA:6,1
DA:7,1
DA:8,1
DA:9,1
DA:10,1
DA:11,1
DA:12,1
DA:13,1
DA:14,13
DA:15,13
DA:16,13
DA:17,13
DA:18,13
DA:19,13
DA:20,13
DA:21,4
DA:22,4
DA:23,13
DA:24,13
DA:25,0
DA:26,0
DA:27,0
DA:28,0
DA:29,0
DA:30,0
DA:31,13
DA:32,13
DA:33,13
DA:34,1
DA:35,1
DA:36,1
DA:37,14
DA:38,1
DA:39,1
DA:40,1
DA:41,1
DA:42,1
DA:43,13
DA:44,1
DA:45,1
DA:46,1
DA:47,0
DA:48,1
DA:49,1
DA:50,1
DA:51,1
LF:51
LH:44
BRDA:14,0,0,13
BRDA:20,1,0,4
BRDA:24,2,0,0
BRDA:36,3,0,14
BRDA:42,4,0,13
BRF:5
BRH:4
end_of_record
